[2025-06-09 00:44:32] [2025-06-09 00:44:31] Gửi tới: kyuubi.yae@wibu.me ... Thành công!
[2025-06-09 00:44:34] [2025-06-09 00:44:33] Gửi tới: miko@wibu.me ... Thành công!
[2025-06-09 00:44:36] [2025-06-09 00:44:34] Gửi tới: nguyenvana@example.com ... Thành công!
[2025-06-09 00:44:37] [2025-06-09 00:44:36] Gửi tới: pham.d@example.com ... Thành công!
[2025-06-09 00:44:39] [2025-06-09 00:44:37] Gửi tới: ngo_f@domain.com ... Thành công!
[2025-06-09 00:44:41] [2025-06-09 00:44:39] Gửi tới: mai.j@example.com ... Thành công!
[2025-06-09 00:49:46] [2025-06-09 00:49:43] Gửi tới: kyuubi.yae@wibu.me ... Thành công!
[2025-06-09 00:49:49] [2025-06-09 00:49:46] Gửi tới: miko@wibu.me ... Thành công!
[2025-06-09 00:49:52] [2025-06-09 00:49:49] Gửi tới: nguyenvana@example.com ... Thành công!
[2025-06-09 00:49:55] [2025-06-09 00:49:52] Gửi tới: pham.d@example.com ... Thành công!
[2025-06-09 00:49:59] [2025-06-09 00:49:55] Gửi tới: ngo_f@domain.com ... Thành công!
[2025-06-09 00:50:02] [2025-06-09 00:49:59] Gửi tới: mai.j@example.com ... Thành công!
[2025-06-09 01:05:31] [2025-06-09 01:05:27] Gửi tới: kyuubi.yae@wibu.me ... Thành công!
[2025-06-09 01:05:34] [2025-06-09 01:05:31] Gửi tới: miko@wibu.me ... Thành công!
[2025-06-09 01:05:37] [2025-06-09 01:05:34] Gửi tới: nguyenvana@example.com ... Thành công!
[2025-06-09 01:05:40] [2025-06-09 01:05:37] Gửi tới: pham.d@example.com ... Thành công!
[2025-06-09 01:05:43] [2025-06-09 01:05:40] Gửi tới: ngo_f@domain.com ... Thành công!
[2025-06-09 01:05:46] [2025-06-09 01:05:43] Gửi tới: mai.j@example.com ... Thành công!
[2025-06-09 01:15:48] [2025-06-09 01:15:44] Sent to: kyuubi.yae@wibu.me ... Success!
[2025-06-09 01:15:50] [2025-06-09 01:15:48] Sent to: miko@wibu.me ... Success!
[2025-06-09 01:15:53] [2025-06-09 01:15:50] Sent to: nguyenvana@example.com ... Success!
[2025-06-09 01:15:55] [2025-06-09 01:15:53] Sent to: pham.d@example.com ... Success!
[2025-06-09 01:15:58] [2025-06-09 01:15:55] Sent to: ngo_f@domain.com ... Success!
[2025-06-09 01:16:00] [2025-06-09 01:15:58] Sent to: mai.j@example.com ... Success!
[2025-06-09 01:16:23] [2025-06-09 01:16:20] Sent to: kyuubi.yae@wibu.me ... Success!
[2025-06-09 01:16:26] [2025-06-09 01:16:23] Sent to: miko@wibu.me ... Success!
[2025-06-09 01:16:29] [2025-06-09 01:16:26] Sent to: nguyenvana@example.com ... Success!
[2025-06-09 01:16:32] [2025-06-09 01:16:29] Sent to: pham.d@example.com ... Success!
[2025-06-09 01:16:35] [2025-06-09 01:16:32] Sent to: ngo_f@domain.com ... Success!
[2025-06-09 01:16:38] [2025-06-09 01:16:35] Sent to: mai.j@example.com ... Success!
[2025-06-09 01:17:28] [2025-06-09 01:17:25] Sent to: kyuubi.yae@wibu.me ... Success!
[2025-06-09 01:17:30] [2025-06-09 01:17:28] Sent to: miko@wibu.me ... Success!
